[    0.000000] Initializing cgroup subsys cpuset
[    0.000000] Initializing cgroup subsys cpu
[    0.000000] Initializing cgroup subsys cpuacct
[    0.000000] Linux version 4.4.0-128-generic (buildd@lcy01-amd64-019) (gcc version 5.4.0 20160609 (Ubuntu 5.4.0-6ubuntu1~16.04.9) ) #154-Ubuntu SMP Fri May 25 14:15:18 UTC 2018 (Ubuntu 4.4.0-128.154-generic 4.4.131)
[    0.000000] Command line: BOOT_IMAGE=/boot/vmlinuz-4.4.0-128-generic root=LABEL=cloudimg-rootfs ro console=tty1 console=ttyS0
[    0.000000] KERNEL supported cpus:
[    0.000000]   Intel GenuineIntel
[    0.000000]   AMD AuthenticAMD
[    0.000000]   Centaur CentaurHauls
[    0.000000] x86/fpu: xstate_offset[2]:  576, xstate_sizes[2]:  256
[    0.000000] x86/fpu: Supporting XSAVE feature 0x01: 'x87 floating point registers'
[    0.000000] x86/fpu: Supporting XSAVE feature 0x02: 'SSE registers'
[    0.000000] x86/fpu: Supporting XSAVE feature 0x04: 'AVX registers'
[    0.000000] x86/fpu: Enabled xstate features 0x7, context size is 832 bytes, using 'standard' format.
[    0.000000] x86/fpu: Using 'lazy' FPU context switches.
[    0.000000] e820: BIOS-provided physical RAM map:
[    0.000000] BIOS-e820: [mem 0x0000000000000000-0x000000000009fbff] usable
[    0.000000] BIOS-e820: [mem 0x000000000009fc00-0x000000000009ffff] reserved
[    0.000000] BIOS-e820: [mem 0x00000000000f0000-0x00000000000fffff] reserved
[    0.000000] BIOS-e820: [mem 0x0000000000100000-0x000000003ffeffff] usable
[    0.000000] BIOS-e820: [mem 0x000000003fff0000-0x000000003fffffff] ACPI data
[    0.000000] BIOS-e820: [mem 0x00000000fec00000-0x00000000fec00fff] reserved
[    0.000000] BIOS-e820: [mem 0x00000000fee00000-0x00000000fee00fff] reserved
[    0.000000] BIOS-e820: [mem 0x00000000fffc0000-0x00000000ffffffff] reserved
[    0.000000] NX (Execute Disable) protection: active
[    0.000000] SMBIOS 2.5 present.
[    0.000000] Hypervisor detected: KVM
[    0.000000] e820: last_pfn = 0x3fff0 max_arch_pfn = 0x400000000
[    0.000000] MTRR: Disabled
[    0.000000] x86/PAT: MTRRs disabled, skipping PAT initialization too.
[    0.000000] CPU MTRRs all blank - virtualized system.
[    0.000000] x86/PAT: Configuration [0-7]: WB  WT  UC- UC  WB  WT  UC- UC  
[    0.000000] found SMP MP-table at [mem 0x0009fff0-0x0009ffff] mapped at [ffff88000009fff0]
[    0.000000] Scanning 1 areas for low memory corruption
[    0.000000] RAMDISK: [mem 0x36aa4000-0x37549fff]
[    0.000000] ACPI: Early table checksum verification disabled
[    0.000000] ACPI: RSDP 0x00000000000E0000 000024 (v02 VBOX  )
[    0.000000] ACPI: XSDT 0x000000003FFF0030 00003C (v01 VBOX   VBOXXSDT 00000001 ASL  00000061)
[    0.000000] ACPI: FACP 0x000000003FFF00F0 0000F4 (v04 VBOX   VBOXFACP 00000001 ASL  00000061)
[    0.000000] ACPI: DSDT 0x000000003FFF0470 0021FF (v02 VBOX   VBOXBIOS 00000002 INTL 20100528)
[    0.000000] ACPI: FACS 0x000000003FFF0200 000040
[    0.000000] ACPI: FACS 0x000000003FFF0200 000040
[    0.000000] ACPI: APIC 0x000000003FFF0240 00005C (v02 VBOX   VBOXAPIC 00000001 ASL  00000061)
[    0.000000] ACPI: SSDT 0x000000003FFF02A0 0001CC (v01 VBOX   VBOXCPUT 00000002 INTL 20100528)
[    0.000000] No NUMA configuration found
[    0.000000] Faking a node at [mem 0x0000000000000000-0x000000003ffeffff]
[    0.000000] NODE_DATA(0) allocated [mem 0x3ffeb000-0x3ffeffff]
[    0.000000] kvm-clock: Using msrs 4b564d01 and 4b564d00
[    0.000000] kvm-clock: cpu 0, msr 0:3ffe3001, primary cpu clock
[    0.000000] kvm-clock: using sched offset of 3298056925 cycles
[    0.000000] clocksource: kvm-clock: mask: 0xffffffffffffffff max_cycles: 0x1cd42e4dffb, max_idle_ns: 881590591483 ns
[    0.000000] Zone ranges:
[    0.000000]   DMA      [mem 0x0000000000001000-0x0000000000ffffff]
[    0.000000]   DMA32    [mem 0x0000000001000000-0x000000003ffeffff]
[    0.000000]   Normal   empty
[    0.000000]   Device   empty
[    0.000000] Movable zone start for each node
[    0.000000] Early memory node ranges
[    0.000000]   node   0: [mem 0x0000000000001000-0x000000000009efff]
[    0.000000]   node   0: [mem 0x0000000000100000-0x000000003ffeffff]
[    0.000000] Initmem setup node 0 [mem 0x0000000000001000-0x000000003ffeffff]
[    0.000000] ACPI: PM-Timer IO Port: 0x4008
[    0.000000] IOAPIC[0]: apic_id 2, version 32, address 0xfec00000, GSI 0-23
[    0.000000] ACPI: INT_SRC_OVR (bus 0 bus_irq 0 global_irq 2 dfl dfl)
[    0.000000] ACPI: INT_SRC_OVR (bus 0 bus_irq 9 global_irq 9 high level)
[    0.000000] Using ACPI (MADT) for SMP configuration information
[    0.000000] smpboot: Allowing 2 CPUs, 0 hotplug CPUs
[    0.000000] PM: Registered nosave memory: [mem 0x00000000-0x00000fff]
[    0.000000] PM: Registered nosave memory: [mem 0x0009f000-0x0009ffff]
[    0.000000] PM: Registered nosave memory: [mem 0x000a0000-0x000effff]
[    0.000000] PM: Registered nosave memory: [mem 0x000f0000-0x000fffff]
[    0.000000] e820: [mem 0x40000000-0xfebfffff] available for PCI devices
[    0.000000] Booting paravirtualized kernel on KVM
[    0.000000] clocksource: refined-jiffies: mask: 0xffffffff max_cycles: 0xffffffff, max_idle_ns: 7645519600211568 ns
[    0.000000] setup_percpu: NR_CPUS:512 nr_cpumask_bits:512 nr_cpu_ids:2 nr_node_ids:1
[    0.000000] PERCPU: Embedded 34 pages/cpu @ffff88003fc00000 s99544 r8192 d31528 u1048576
[    0.000000] PV qspinlock hash table entries: 256 (order: 0, 4096 bytes)
[    0.000000] Built 1 zonelists in Node order, mobility grouping on.  Total pages: 257912
[    0.000000] Policy zone: DMA32
[    0.000000] Kernel command line: BOOT_IMAGE=/boot/vmlinuz-4.4.0-128-generic root=LABEL=cloudimg-rootfs ro console=tty1 console=ttyS0
[    0.000000] PID hash table entries: 4096 (order: 3, 32768 bytes)
[    0.000000] Memory: 1001616K/1048120K available (8541K kernel code, 1313K rwdata, 4000K rodata, 1512K init, 1316K bss, 46504K reserved, 0K cma-reserved)
[    0.000000] SLUB: HWalign=64, Order=0-3, MinObjects=0, CPUs=2, Nodes=1
[    0.000000] Kernel/User page tables isolation: enabled
[    0.000000] Hierarchical RCU implementation.
[    0.000000] 	Build-time adjustment of leaf fanout to 64.
[    0.000000] 	RCU restricting CPUs from NR_CPUS=512 to nr_cpu_ids=2.
[    0.000000] RCU: Adjusting geometry for rcu_fanout_leaf=64, nr_cpu_ids=2
[    0.000000] NR_IRQS:33024 nr_irqs:440 16
[    0.000000] Console: colour VGA+ 80x25
[    0.000000] console [tty1] enabled
[    0.000000] console [ttyS0] enabled
[    0.000000] tsc: Detected 2712.000 MHz processor
[   10.088888] Calibrating delay loop (skipped) preset value.. 5424.00 BogoMIPS (lpj=10848000)
[   10.311991] pid_max: default: 32768 minimum: 301
[   10.459884] ACPI: Core revision 20150930
[   10.569131] ACPI: 2 ACPI AML tables successfully acquired and loaded
[   10.703871] Security Framework initialized
[   10.829301] Yama: becoming mindful.
[   10.915902] AppArmor: AppArmor initialized
[   11.029444] Dentry cache hash table entries: 131072 (order: 8, 1048576 bytes)
[   11.243718] Inode-cache hash table entries: 65536 (order: 7, 524288 bytes)
[   11.468997] Mount-cache hash table entries: 2048 (order: 2, 16384 bytes)
[   11.641939] Mountpoint-cache hash table entries: 2048 (order: 2, 16384 bytes)
[   11.656532] Initializing cgroup subsys io
[   11.660995] Initializing cgroup subsys memory
[   11.794906] Initializing cgroup subsys devices
[   11.843590] Initializing cgroup subsys freezer
[   11.844314] Initializing cgroup subsys net_cls
[   11.845115] Initializing cgroup subsys perf_event
[   11.845863] Initializing cgroup subsys net_prio
[   11.977327] Initializing cgroup subsys hugetlb
[   12.083863] Initializing cgroup subsys pids
[   12.092392] CPU: Physical Processor ID: 0
[   12.093251] CPU: Processor Core ID: 0
[   12.094843] mce: CPU supports 0 MCE banks
[   12.127835] Last level iTLB entries: 4KB 128, 2MB 8, 4MB 8
[   12.155761] Last level dTLB entries: 4KB 64, 2MB 0, 4MB 0, 1GB 4
[   12.156705] Spectre V2 : Mitigation: Full generic retpoline
[   12.240886] Spectre V2 : Speculation control IBPB not-supported IBRS not-supported
[   12.473936] Spectre V2 : Filling RSB on context switch
[   12.623913] Speculative Store Bypass: Vulnerable
[   12.682406] Freeing SMP alternatives memory: 32K
[   12.694372] ftrace: allocating 32236 entries in 126 pages
[   12.852502] smpboot: APIC(0) Converting physical 0 to logical package 0
[   13.061432] smpboot: Max logical packages: 1
[   13.196148] x2apic enabled
[   13.281730] Switched APIC routing to physical x2apic.
[   13.441248] ..TIMER: vector=0x30 apic1=0 pin1=2 apic2=-1 pin2=-1
[   13.744029] smpboot: CPU0: Intel(R) Core(TM) i5-6400 CPU @ 2.70GHz (family: 0x6, model: 0x5e, stepping: 0x3)
[   13.995548] Performance Events: unsupported p6 CPU model 94 no PMU driver, software events only.
[   14.244563] KVM setup paravirtual spinlock
[   14.349262] x86: Booting SMP configuration:
[   14.474331] .... node  #0, CPUs:      #1
[   14.579723] kvm-clock: cpu 1, msr 0:3ffe3041, secondary cpu clock
[   14.739266] mce: CPU supports 0 MCE banks
[   14.765761] x86: Booted up 1 node, 2 CPUs
[   14.806132] smpboot: Total of 2 processors activated (10848.00 BogoMIPS)
[   14.876292] devtmpfs: initialized
[   14.914155] evm: security.selinux
[   15.022848] evm: security.SMACK64
[   15.124778] evm: security.SMACK64EXEC
[   15.238820] evm: security.SMACK64TRANSMUTE
[   15.366338] evm: security.SMACK64MMAP
[   15.472847] evm: security.ima
[   15.563785] evm: security.capability
[   15.674544] clocksource: jiffies: mask: 0xffffffff max_cycles: 0xffffffff, max_idle_ns: 7645041785100000 ns
[   15.863019] futex hash table entries: 512 (order: 3, 32768 bytes)
[   15.889139] pinctrl core: initialized pinctrl subsystem
[   16.052470] RTC time:  1:11:34, date: 07/02/18
[   16.157144] NET: Registered protocol family 16
[   16.297133] cpuidle: using governor ladder
[   16.408529] cpuidle: using governor menu
[   16.525872] PCCT header not found.
[   16.598434] ACPI: bus type PCI registered
[   16.702356] acpiphp: ACPI Hot Plug PCI Controller Driver version: 0.5
[   16.880596] PCI: Using configuration type 1 for base access
[   16.941618] ACPI: Added _OSI(Module Device)
[   17.058349] ACPI: Added _OSI(Processor Device)
[   17.179326] ACPI: Added _OSI(3.0 _SCP Extensions)
[   17.317353] ACPI: Added _OSI(Processor Aggregator Device)
[   17.482524] ACPI: Executed 1 blocks of module-level executable AML code
[   17.638965] ACPI: Interpreter enabled
[   17.748951] ACPI: (supports S0 S5)
[   17.852282] ACPI: Using IOAPIC for interrupt routing
[   17.950668] PCI: Using host bridge windows from ACPI; if necessary, use "pci=nocrs" and report a bug
[   17.972041] ACPI: PCI Root Bridge [PCI0] (domain 0000 [bus 00-ff])
[   17.993353] acpi PNP0A03:00: _OSC: OS supports [ASPM ClockPM Segments MSI]
[   18.180443] acpi PNP0A03:00: _OSC: not requesting OS control; OS requires [ExtendedConfig ASPM ClockPM MSI]
[   18.438677] acpi PNP0A03:00: fail to add MMCONFIG information, can't access extended PCI configuration space under this bridge.
[   18.801539] PCI host bridge to bus 0000:00
[   18.908327] pci_bus 0000:00: root bus resource [io  0x0000-0x0cf7 window]
[   18.987285] pci_bus 0000:00: root bus resource [io  0x0d00-0xffff window]
[   18.988305] pci_bus 0000:00: root bus resource [mem 0x000a0000-0x000bffff window]
[   18.994714] pci_bus 0000:00: root bus resource [mem 0x40000000-0xffdfffff window]
[   19.014159] pci_bus 0000:00: root bus resource [bus 00-ff]
[   19.053441] pci 0000:00:01.1: legacy IDE quirk: reg 0x10: [io  0x01f0-0x01f7]
[   19.204119] pci 0000:00:01.1: legacy IDE quirk: reg 0x14: [io  0x03f6]
[   19.383490] pci 0000:00:01.1: legacy IDE quirk: reg 0x18: [io  0x0170-0x0177]
[   19.597866] pci 0000:00:01.1: legacy IDE quirk: reg 0x1c: [io  0x0376]
[   19.807083] pci 0000:00:07.0: quirk: [io  0x4000-0x403f] claimed by PIIX4 ACPI
[   20.020593] pci 0000:00:07.0: quirk: [io  0x4100-0x410f] claimed by PIIX4 SMB
[   20.094856] ACPI: PCI Interrupt Link [LNKA] (IRQs 5 9 10 *11)
[   20.179051] ACPI: PCI Interrupt Link [LNKB] (IRQs 5 9 10 *11)
[   20.302993] ACPI: PCI Interrupt Link [LNKC] (IRQs 5 9 *10 11)
[   20.440488] ACPI: PCI Interrupt Link [LNKD] (IRQs 5 *9 10 11)
[   20.600543] ACPI: Enabled 2 GPEs in block 00 to 07
[   20.738552] vgaarb: setting as boot device: PCI:0000:00:02.0
[   20.922902] vgaarb: device added: PCI:0000:00:02.0,decodes=io+mem,owns=io+mem,locks=none
[   20.955076] vgaarb: loaded
[   20.955633] vgaarb: bridge control possible 0000:00:02.0
[   20.956728] SCSI subsystem initialized
[   20.957516] ACPI: bus type USB registered
[   20.965543] usbcore: registered new interface driver usbfs
[   20.976516] usbcore: registered new interface driver hub
[   20.977366] usbcore: registered new device driver usb
[   20.984345] PCI: Using ACPI for IRQ routing
[   21.041583] NetLabel: Initializing
[   21.127807] NetLabel:  domain hash size = 128
[   21.155372] NetLabel:  protocols = UNLABELED CIPSOv4
[   21.157516] NetLabel:  unlabeled traffic allowed by default
[   21.259099] amd_nb: Cannot enumerate AMD northbridges
[   21.360403] clocksource: Switched to clocksource kvm-clock
[   21.534190] AppArmor: AppArmor Filesystem Enabled
[   21.669396] pnp: PnP ACPI init
[   21.760506] pnp: PnP ACPI: found 3 devices
[   21.850777] clocksource: acpi_pm: mask: 0xffffff max_cycles: 0xffffff, max_idle_ns: 2085701024 ns
[   22.116519] NET: Registered protocol family 2
[   22.195611] TCP established hash table entries: 8192 (order: 4, 65536 bytes)
[   22.401456] TCP bind hash table entries: 8192 (order: 5, 131072 bytes)
[   22.599616] TCP: Hash tables configured (established 8192 bind 8192)
[   22.777699] UDP hash table entries: 512 (order: 2, 16384 bytes)
[   22.960909] UDP-Lite hash table entries: 512 (order: 2, 16384 bytes)
[   23.156921] NET: Registered protocol family 1
[   23.241484] pci 0000:00:00.0: Limiting direct PCI/PCI transfers
[   23.248440] pci 0000:00:01.0: Activating ISA DMA hang workarounds
[   23.397035] Unpacking initramfs...
[   25.160668] Freeing initrd memory: 10904K
[   25.239671] platform rtc_cmos: registered platform RTC device (no PNP device found)
[   25.241075] Scanning for low memory corruption every 60 seconds
[   25.301528] audit: initializing netlink subsys (disabled)
[   25.370334] audit: type=2000 audit(1530493887.449:1): initialized
[   25.494125] Initialise system trusted keyring
[   25.604210] HugeTLB registered 2 MB page size, pre-allocated 0 pages
[   25.691121] zbud: loaded
[   25.765370] VFS: Disk quotas dquot_6.6.0
[   25.882888] VFS: Dquot-cache hash table entries: 512 (order 0, 4096 bytes)
[   26.077647] squashfs: version 4.0 (2009/01/31) Phillip Lougher
[   26.254414] tsc: Refined TSC clocksource calibration: 2710.968 MHz
[   26.402614] clocksource: tsc: mask: 0xffffffffffffffff max_cycles: 0x2713b7abd39, max_idle_ns: 440795323252 ns
[   26.402987] fuse init (API version 7.23)
[   26.403100] Key type big_key registered
[   26.403123] Allocating IMA MOK and blacklist keyrings.
[   26.403323] Key type asymmetric registered
[   26.403342] Asymmetric key parser 'x509' registered
[   26.403397] Block layer SCSI generic (bsg) driver version 0.4 loaded (major 249)
[   26.403421] io scheduler noop registered
[   26.403422] io scheduler deadline registered (default)
[   26.403457] io scheduler cfq registered
[   26.403646] pci_hotplug: PCI Hot Plug PCI Core version: 0.5
[   26.403651] pciehp: PCI Express Hot Plug Controller Driver version: 0.4
[   26.403765] ACPI: AC Adapter [AC] (on-line)
[   26.403807] input: Power Button as /devices/LNXSYSTM:00/LNXPWRBN:00/input/input0
[   26.403809] ACPI: Power Button [PWRF]
[   26.403863] input: Sleep Button as /devices/LNXSYSTM:00/LNXSLPBN:00/input/input1
[   26.403865] ACPI: Sleep Button [SLPF]
[   26.404110] GHES: HEST is not enabled!
[   26.404230] Serial: 8250/16550 driver, 32 ports, IRQ sharing enabled
[   26.675366] 00:02: ttyS0 at I/O 0x3f8 (irq = 4, base_baud = 115200) is a 16550A
[   26.779116] Linux agpgart interface v0.103
[   26.850619] loop: module loaded
[   26.851083] scsi host0: ata_piix
[   26.851127] scsi host1: ata_piix
[   26.851152] ata1: PATA max UDMA/33 cmd 0x1f0 ctl 0x3f6 bmdma 0xd000 irq 14
[   26.851153] ata2: PATA max UDMA/33 cmd 0x170 ctl 0x376 bmdma 0xd008 irq 15
[   26.851210] libphy: Fixed MDIO Bus: probed
[   26.851212] tun: Universal TUN/TAP device driver, 1.6
[   26.851212] tun: (C) 1999-2004 Max Krasnyansky <maxk@qualcomm.com>
[   26.851467] PPP generic driver version 2.4.2
[   26.851506] ehci_hcd: USB 2.0 'Enhanced' Host Controller (EHCI) Driver
[   26.851509] ehci-pci: EHCI PCI platform driver
[   26.851515] ehci-platform: EHCI generic platform driver
[   26.851521] ohci_hcd: USB 1.1 'Open' Host Controller (OHCI) Driver
[   26.851523] ohci-pci: OHCI PCI platform driver
[   26.851529] ohci-platform: OHCI generic platform driver
[   26.851535] uhci_hcd: USB Universal Host Controller Interface driver
[   26.851573] i8042: PNP: PS/2 Controller [PNP0303:PS2K,PNP0f03:PS2M] at 0x60,0x64 irq 1,12
[   26.976109] serio: i8042 KBD port at 0x60,0x64 irq 1
[   26.976114] serio: i8042 AUX port at 0x60,0x64 irq 12
[   26.976221] mousedev: PS/2 mouse device common for all mice
[   26.976516] rtc_cmos rtc_cmos: rtc core: registered rtc_cmos as rtc0
[   26.976561] rtc_cmos rtc_cmos: alarms up to one day, 114 bytes nvram
[   26.976566] i2c /dev entries driver
[   26.976605] device-mapper: uevent: version 1.0.3
[   26.976646] device-mapper: ioctl: 4.34.0-ioctl (2015-10-28) initialised: dm-devel@redhat.com
[   26.976660] ledtrig-cpu: registered to indicate activity on CPUs
[   26.976868] NET: Registered protocol family 10
[   26.977026] NET: Registered protocol family 17
[   26.977033] Key type dns_resolver registered
[   26.977203] registered taskstats version 1
[   26.977218] Loading compiled-in X.509 certificates
[   26.977774] Loaded X.509 cert 'Build time autogenerated kernel key: fc7b57a7df019f2655f66a8a374d74ee8f4999fc'
[   26.977786] zswap: loaded using pool lzo/zbud
[   26.979365] Key type trusted registered
[   26.982050] Key type encrypted registered
[   26.982054] AppArmor: AppArmor sha1 policy hashing enabled
[   26.982057] ima: No TPM chip found, activating TPM-bypass!
[   26.982072] evm: HMAC attrs: 0x1
[   26.982249]   Magic number: 10:872:153
[   27.118567] rtc_cmos rtc_cmos: setting system clock to 2018-07-02 01:11:45 UTC (1530493905)
[   27.118703] BIOS EDD facility v0.16 2004-Jun-25, 0 devices found
[   27.118703] EDD information not available.
[   27.372014] input: AT Translated Set 2 keyboard as /devices/platform/i8042/serio0/input/input2
[   33.489040] Freeing unused kernel memory: 1512K
[   33.500604] Write protecting the kernel read-only data: 14336k
[   33.701303] Freeing unused kernel memory: 1688K
[   33.784047] Freeing unused kernel memory: 96K
Loading, please [   33.798372] random: systemd-udevd: uninitialized urandom read (16 bytes read, 7 bits of entropy available)
wait...
startin[   33.798975] random: udevadm: uninitialized urandom read (16 bytes read, 7 bits of entropy available)
g version 229
[   33.798998] random: udevadm: uninitialized urandom read (16 bytes read, 7 bits of entropy available)
[   33.810198] random: udevadm: uninitialized urandom read (16 bytes read, 7 bits of entropy available)
[   33.810240] random: udevadm: uninitialized urandom read (16 bytes read, 7 bits of entropy available)
[   33.810382] random: udevadm: uninitialized urandom read (16 bytes read, 7 bits of entropy available)
[   33.810451] random: udevadm: uninitialized urandom read (16 bytes read, 7 bits of entropy available)
[   33.810503] random: udevadm: uninitialized urandom read (16 bytes read, 7 bits of entropy available)
[   33.810556] random: udevadm: uninitialized urandom read (16 bytes read, 7 bits of entropy available)
[   33.810607] random: udevadm: uninitialized urandom read (16 bytes read, 7 bits of entropy available)
[   35.726989] Fusion MPT base driver 3.04.20
[   35.828600] Copyright (c) 1999-2008 LSI Corporation
[   35.943770] e1000: Intel(R) PRO/1000 Network Driver - version 7.3.21-k8-NAPI
[   35.996879] e1000: Copyright (c) 1999-2006 Intel Corporation.
[   36.036239] Fusion MPT SPI Host driver 3.04.20
[   36.040240] AVX version of gcm_enc/dec engaged.
[   36.066656] AES CTR mode by8 optimization enabled
[   36.229586] input: ImExPS/2 Generic Explorer Mouse as /devices/platform/i8042/serio1/input/input4
[   36.381012] e1000 0000:00:03.0 eth0: (PCI:33MHz:32-bit) 02:dd:f6:ca:b5:3d
[   36.618346] e1000 0000:00:03.0 eth0: Intel(R) PRO/1000 Network Connection
[   36.832348] e1000 0000:00:03.0 enp0s3: renamed from eth0
[   36.985056] mptbase: ioc0: Initiating bringup
[   37.065264] ioc0: LSI53C1030 A0: Capabilities={Initiator}
[   37.397881] scsi host2: ioc0: LSI53C1030 A0, FwRev=00000000h, Ports=1, MaxQ=256, IRQ=20
[   37.793320] scsi 2:0:0:0: Direct-Access     VBOX     HARDDISK         1.0  PQ: 0 ANSI: 5
[   38.040088] scsi target2:0:0: Beginning Domain Validation
[   38.057653] scsi target2:0:0: Domain Validation skipping write tests
[   38.062353] scsi target2:0:0: Ending Domain Validation
[   38.069450] scsi target2:0:0: asynchronous
[   38.202606] scsi 2:0:1:0: Direct-Access     VBOX     HARDDISK         1.0  PQ: 0 ANSI: 5
[   38.457100] scsi target2:0:1: Beginning Domain Validation
[   38.632220] scsi target2:0:1: Domain Validation skipping write tests
[   38.634346] scsi target2:0:1: Ending Domain Validation
[   38.644185] scsi target2:0:1: asynchronous
[   38.747186] sd 2:0:0:0: [sda] 20971520 512-byte logical blocks: (10.7 GB/10.0 GiB)
[   38.750121] sd 2:0:0:0: Attached scsi generic sg0 type 0
[   38.751176] sd 2:0:0:0: [sda] Write Protect is off
[   38.827599] sd 2:0:1:0: [sdb] 20480 512-byte logical blocks: (10.5 MB/10.0 MiB)
[   38.829130] sd 2:0:1:0: Attached scsi generic sg1 type 0
[   38.974088] sd 2:0:0:0: [sda] Incomplete mode parameter data
[   39.026646] sd 2:0:0:0: [sda] Assuming drive cache: write through
[   39.027653] sd 2:0:1:0: [sdb] Write Protect is off
[   39.030266]  sda: sda1
[   39.089863] sd 2:0:1:0: [sdb] Incomplete mode parameter data
[   39.090738] sd 2:0:0:0: [sda] Attached SCSI disk
[   39.119501] sd 2:0:1:0: [sdb] Assuming drive cache: write through
[   39.137895] sd 2:0:1:0: [sdb] Attached SCSI disk
Begin: Loading e[   40.610216] md: linear personality registered for level -1
ssential drivers[   40.626988] md: multipath personality registered for level -4
 ... [   40.830626] md: raid0 personality registered for level 0
[   40.981218] md: raid1 personality registered for level 1
[   41.060444] raid6: sse2x1   gen()  8741 MB/s
[   41.265009] raid6: sse2x1   xor()  5197 MB/s
[   41.356523] raid6: sse2x2   gen() 10254 MB/s
[   41.560470] raid6: sse2x2   xor()  7066 MB/s
[   41.764980] raid6: sse2x4   gen() 12219 MB/s
[   41.976726] raid6: sse2x4   xor()  7971 MB/s
[   42.110770] raid6: using algorithm sse2x4 gen() 12219 MB/s
[   42.286299] raid6: .... xor() 7971 MB/s, rmw enabled
[   42.306456] raid6: using ssse3x2 recovery algorithm
[   42.319223] xor: automatically using best checksumming function:
[   42.368953]    avx       : 16628.000 MB/sec
[   42.434521] async_tx: api initialized (async)
[   42.572228] md: raid6 personality registered for level 6
[   42.579248] md: raid5 personality registered for level 5
[   42.580098] md: raid4 personality registered for level 4
[   42.586319] md: raid10 personality registered for level 10
done.
Begin: Running /scripts/init-premount ... done.
Begin: Mounting root file system ... Begin: Running /scripts/local-top ... done.
Begin: Running /scripts/loc[   42.757131] Btrfs loaded
al-premount ... Scanning for Btrfs filesystems
done.
Warning: [   42.884866] EXT4-fs (sda1): mounted filesystem with ordered data mode. Opts: (null)
fsck not present, so skipping root file system
done.
Begin: Running /scripts/local-bottom ... done.
Begin: Running /scripts/init-bottom ... done.
[   43.537921] systemd[1]: systemd 229 running in system mode. (+PAM +AUDIT +SELINUX +IMA +APPARMOR +SMACK +SYSVINIT +UTMP +LIBCRYPTSETUP +GCRYPT +GNUTLS +ACL +XZ -LZ4 +SECCOMP +BLKID +ELFUTILS +KMOD -IDN)
[   44.018670] systemd[1]: Detected virtualization oracle.
[   44.175917] systemd[1]: Detected architecture x86-64.

Welcome to [1mUbuntu 16.04.4 LTS[0m!

[   44.409481] systemd[1]: Set hostname to <ubuntu-xenial>.
[   44.527775] random: nonblocking pool is initialized
[   45.194819] systemd[1]: Listening on Device-mapper event daemon FIFOs.
[[0;32m  OK  [0m] Listening on Device-mapper event daemon FIFOs.
[   45.465182] systemd[1]: Listening on Journal Audit Socket.
[[0;32m  OK  [0m] Listening on Journal Audit Socket.
[   45.528876] systemd[1]: Started Trigger resolvconf update for networkd DNS.
[[0;32m  OK  [0m] Started Trigger resolvconf update for networkd DNS.
[   45.562942] systemd[1]: Listening on LVM2 poll daemon socket.
[[0;32m  OK  [0m] Listening on LVM2 poll daemon socket.
[   45.565005] systemd[1]: Listening on udev Kernel Socket.
[[0;32m  OK  [0m] Listening on udev Kernel Socket.
[   45.780892] systemd[1]: Reached target User and Group Name Lookups.
[[0;32m  OK  [0m] Reached target User and Group Name Lookups.
[   46.053029] systemd[1]: Listening on LVM2 metadata daemon socket.
[[0;32m  OK  [0m] Listening on LVM2 metadata daemon socket.
[   46.317055] systemd[1]: Started Forward Password Requests to Wall Directory Watch.
[[0;32m  OK  [0m] Started Forward Password Requests to Wall Directory Watch.
[   46.604635] systemd[1]: Listening on Journal Socket.
[[0;32m  OK  [0m] Listening on Journal Socket.
[   46.781914] systemd[1]: Set up automount Arbitrary Executable File Formats File System Automount Point.
[[0;32m  OK  [0m] Set up automount Arbitrary Executab...ats File System Automount Point.
[   47.192963] systemd[1]: Reached target Swap.
[[0;32m  OK  [0m] Reached target Swap.
[   47.377050] systemd[1]: Listening on /dev/initctl Compatibility Named Pipe.
[[0;32m  OK  [0m] Listening on /dev/initctl Compatibility Named Pipe.
[   47.648946] systemd[1]: Listening on udev Control Socket.
[[0;32m  OK  [0m] Listening on udev Control Socket.
[   47.737180] systemd[1]: Created slice User and Session Slice.
[[0;32m  OK  [0m] Created slice User and Session Slice.
[   47.976875] systemd[1]: Reached target Encrypted Volumes.
[[0;32m  OK  [0m] Reached target Encrypted Volumes.
[   48.209058] systemd[1]: Listening on Journal Socket (/dev/log).
[[0;32m  OK  [0m] Listening on Journal Socket (/dev/log).
[   48.464864] systemd[1]: Reached target System Time Synchronized.
[[0;32m  OK  [0m] Reached target System Time Synchronized.
[   48.721587] systemd[1]: Created slice System Slice.
[[0;32m  OK  [0m] Created slice System Slice.
[   48.868769] systemd[1]: Starting Nameserver information manager...
         Starting Nameserver information manager...
[   49.104697] systemd[1]: Mounting Huge Pages File System...
         Mounting Huge Pages File System...
[   49.320871] systemd[1]: Starting Uncomplicated firewall...
         Starting Uncomplicated firewall...
[   49.544766] systemd[1]: Mounting Debug File System...
         Mounting Debug File System...
[   49.780804] systemd[1]: Mounting POSIX Message Queue File System...
         Mounting POSIX Message Queue File System...
[   49.842707] systemd[1]: Starting Remount Root and Kernel File Systems...
         [   49.997516] EXT4-fs (sda1): re-mounted. Opts: (null)
Starting Remount Root and Kernel File Systems...
[   50.228970] systemd[1]: Reached target Slices.
[[0;32m  OK  [0m] Reached target Slices.
[   50.468828] systemd[1]: Starting Load Kernel Modules...
         Starting Load Kernel Modules...[   50.665664] Loading iSCSI transport class v2.0-870.

[   50.839601] systemd[1]: Created slice system-serial\x2dgetty.slice.
[[0;32m  OK  [0m] Created slice system-serial\x2dgetty.slice.
[   50.874442] iscsi: registered transport (tcp)
[   50.889147] systemd[1]: Starting Set console keymap...
         Starting Set console keymap...
[   50.976663] systemd[1]: Starting Monitoring of LVM2 mirrors, snapshots etc. using dmeventd or progress polling...
         Starting Monitoring of LVM2 mirr[   51.270850] iscsi: registered transport (iser)
ors... dmeventd or progress polling...
[   51.468721] systemd[1]: Listening on Syslog Socket.
[[0;32m  OK  [0m] Listening on Syslog Socket.
[   51.696826] systemd[1]: Starting Journal Service...
         Starting Journal Service...
[   51.900944] systemd[1]: Starting Create list of required static device nodes for the current kernel...
         Starting Create list of required st... nodes for the current kernel...
[   52.225660] systemd[1]: Mounted POSIX Message Queue File System.
[[0;32m  OK  [0m] Mounted POSIX Message Queue File System.
[   52.456899] systemd[1]: Mounted Huge Pages File System.
[[0;32m  OK  [0m] Mounted Huge Pages File System.
[   52.576910] systemd[1]: Mounted Debug File System.
[[0;32m  OK  [0m] Mounted Debug File System.
[   52.737075] systemd[1]: Started Journal Service.
[[0;32m  OK  [0m] Started Journal Service.
[[0;32m  OK  [0m] Started Uncomplicated firewall.
[[0;32m  OK  [0m] Started Remount Root and Kernel File Systems.
[[0;32m  OK  [0m] Started Load Kernel Modules.
[[0;32m  OK  [0m] Started Set console keymap.
[[0;32m  OK  [0m] Started Create list of required sta...ce nodes for the current kernel.
[[0;32m  OK  [0m] Started Nameserver information manager.
[[0;32m  OK  [0m] Started LVM2 metadata daemon.
         Starting Create Static Device Nodes in /dev...
         Starting Apply Kernel Variables...
         Mounting FUSE Control File System...
         Starting udev Coldplug all Devices...
         Starting Load/Save Random Seed...
         Starting Flush Journal to Persistent Storage...
[[0;32m  OK  [0m] Mounted FUSE Control File System.
[[0;32m  OK  [0m] Started Monitoring of LVM2 mirrors,...ng dmeventd or progress polling.
[[0;32m  OK  [0m] Started Create Static Device Nodes in /dev.
[[0;32m  OK  [0m] Started Apply Kernel Variables.
[[0;32m  OK  [0m] Started Load/Save Random Seed.
[[0;32m  OK  [0m] Started udev Coldplug all Devices.
         Starting udev Kernel Device Manager...
[[0;32m  OK  [0m] Started Flush Journal to Persistent Storage.
[[0;32m  OK  [0m] Started udev Kernel Device Manager.
[[0;32m  OK  [0m] Started Dispatch Password Requests to Console Directory Watch.
[[0;32m  OK  [0m] Reached target Local File Systems (Pre).
[[0;32m  OK  [0m] Reached target Local File Systems.
         Starting Tell Plymouth To Write Out Runtime Data...
         Starting Set console font and keymap...
         Starting LSB: AppArmor initialization...
         Starting Initial cloud-init job (pre-networking)...
         Starting Create Volatile Files and Directories...
[[0;32m  OK  [0m] Started Tell Plymouth To Write Out Runtime Data.
[[0;32m  OK  [0m] Started Create Volatile Files and Directories.
[[0;32m  OK  [0m] Found device /dev/ttyS0.
[[0;32m  OK  [0m] Listening on Load/Save RF Kill Switch Status /dev/rfkill Watch.
         Starting Update UTMP about System Boot/Shutdown...
[[0;32m  OK  [0m] Started Set console font and keymap.
[[0;32m  OK  [0m] Created slice system-getty.slice.
[[0;32m  OK  [0m] Started Update UTMP about System Boot/Shutdown.
[[0;32m  OK  [0m] Started LSB: AppArmor initialization.
[   36.839616] cloud-init[545]: Cloud-init v. 18.2 running 'init-local' at Mon, 02 Jul 2018 01:12:15 +0000. Up 36.45 seconds.
[[0;32m  OK  [0m] Started Initial cloud-init job (pre-networking).
[[0;32m  OK  [0m] Reached target Network (Pre).
[[0;32m  OK  [0m] Started ifup for enp0s3.
         Starting Raise network interfaces...
[[0;32m  OK  [0m] Started Raise network interfaces.
         Starting Initial cloud-init job (metadata service crawler)...
[[0;32m  OK  [0m] Reached target Network.
[   38.261932] cloud-init[983]: Cloud-init v. 18.2 running 'init' at Mon, 02 Jul 2018 01:12:16 +0000. Up 37.63 seconds.
[   38.376890] cloud-init[983]: ci-info: +++++++++++++++++++++++++++++++++++++Net device info++++++++++++++++++++++++++++++++++++++
[   38.516495] cloud-init[983]: ci-info: +--------+------+----------------------------+---------------+-------+-------------------+
[   38.516905] cloud-init[983]: ci-info: | Device |  Up  |          Address           |      Mask     | Scope |     Hw-Address    |
[   38.517232] cloud-init[983]: ci-info: +--------+------+----------------------------+---------------+-------+-------------------+
[   38.517512] cloud-init[983]: ci-info: | enp0s3 | True |         10.0.2.15          | 255.255.255.0 |   .   | 02:dd:f6:ca:b5:3d |
[   38.517836] cloud-init[983]: ci-info: | enp0s3 | True | fe80::dd:f6ff:feca:b53d/64 |       .       |  link | 02:dd:f6:ca:b5:3d |
[   38.518150] cloud-init[983]: ci-info: |   lo   | True |         127.0.0.1          |   255.0.0.0   |   .   |         .         |
[   38.518428] cloud-init[983]: ci-info: |   lo   | True |          ::1/128           |       .       |  host |         .         |
[   38.518737] cloud-init[983]: ci-info: +--------+------+----------------------------+---------------+-------+-------------------+
[   38.519021] cloud-init[983]: ci-info: +++++++++++++++++++++++++++Route IPv4 info++++++++++++++++++++++++++++
[   38.519344] cloud-init[983]: ci-info: +-------+-------------+----------+---------------+-----------+-------+
[   38.519658] cloud-init[983]: ci-info: | Route | Destination | Gateway  |    Genmask    | Interface | Flags |
[   38.519936] cloud-init[983]: ci-info: +-------+-------------+----------+---------------+-----------+-------+
[[0;32m  OK  [0m] Started Initial cloud-init job (metadata service crawler).
[[0;32m  OK  [0m] Reached target System Initialization.
[[0;32m  OK  [0m] Started Daily Cleanup of Temporary Directories.
[[0;32m  OK  [0m] Listening on UUID daemon activation socket.
[   38.520336] cloud-init[983]: ci-info: |   0   |   0.0.0.0   | 10.0.2.2 |    0.0.0.0    |   enp0s3  |   UG  |
[   40.226835] cloud-init[983]: ci-info: |   1   |   10.0.2.0  | 0.0.0.0  | 255.255.255.0 |   enp0s3  |   U   |
[   40.341307] cloud-init[983]: ci-info: +-------+-------------+----------+---------------+-----------+-------+
[[0;32m  OK  [0m] Started Daily apt download activities.
[[0;32m  OK  [0m] Started ACPI Events Check.
[[0;32m  OK  [0m] Reached target Paths.
[[0;32m  OK  [0m] Listening on ACPID Listen Socket.
         Starting Socket activation for snappy daemon.
[[0;32m  OK  [0m] Listening on D-Bus System Message Bus Socket.
[[0;32m  OK  [0m] Started Daily apt upgrade and clean activities.
[[0;32m  OK  [0m] Reached target Timers.
         Starting LXD - unix socket.
[[0;32m  OK  [0m] Reached target Network is Online.
         Starting iSCSI initiator daemon (iscsid)...
[[0;32m  OK  [0m] Reached target Cloud-config availability.
[[0;32m  OK  [0m] Listening on Socket activation for snappy daemon.
[[0;32m  OK  [0m] Listening on LXD - unix socket.
[[0;32m  OK  [0m] Reached target Sockets.
[[0;32m  OK  [0m] Reached target Basic System.
         Starting /etc/rc.local Compatibility...
         Starting Snappy daemon...
         Starting Apply the settings specified in cloud-config...
         Starting LSB: Record successful boot for GRUB...
         Starting LXD - container startup/shutdown...
         Starting Accounts Service...
         Starting Virtualbox guest utils...
         Starting OpenBSD Secure Shell server...
[[0;32m  OK  [0m] Started FUSE filesystem for LXC.
[[0;32m  OK  [0m] Started ACPI event daemon.
[[0;32m  OK  [0m] Started Unattended Upgrades Shutdown.
[   42.082967] cloud-init[1047]: Cloud-init v. 18.2 running 'modules:config' at Mon, 02 Jul 2018 01:12:20 +0000. Up 41.74 seconds.
[[0;32m  OK  [0m] Started D-Bus System Message Bus.
[[0;32m  OK  [0m] Started Deferred execution scheduler.
[[0;32m  OK  [0m] Started Regular background program processing daemon.
         Starting LSB: MD monitoring daemon...
         Starting System Logging Service...
         Starting Login Service...
[[0;32m  OK  [0m] Started OpenBSD Secure Shell server.
[[0;32m  OK  [0m] Started Snappy daemon.
[[0;32m  OK  [0m] Started System Logging Service.
[[0;32m  OK  [0m] Started iSCSI initiator daemon (iscsid).
[[0;32m  OK  [0m] Started /etc/rc.local Compatibility.
[[0;32m  OK  [0m] Started Apply the settings specified in cloud-config.
[[0;32m  OK  [0m] Started LXD - container startup/shutdown.
         Starting Authenticate and Authorize Users to Run Privileged Tasks...
         Starting Login to default iSCSI targets...
         Starting Wait until snapd is fully seeded...
[[0;32m  OK  [0m] Started LSB: Record successful boot for GRUB.
[[0;32m  OK  [0m] Started Virtualbox guest utils.
[[0;32m  OK  [0m] Started LSB: MD monitoring daemon.
[[0;32m  OK  [0m] Started Wait until snapd is fully seeded.
[[0;32m  OK  [0m] Started Login Service.
[[0;32m  OK  [0m] Started Authenticate and Authorize Users to Run Privileged Tasks.
[[0;32m  OK  [0m] Started Accounts Service.
[[0;32m  OK  [0m] Started Login to default iSCSI targets.
[[0;32m  OK  [0m] Reached target Remote File Systems (Pre).
[[0;32m  OK  [0m] Reached target Remote File Systems.
         Starting Permit User Sessions...
         Starting LSB: Set the CPU Frequency Scaling governor to "ondemand"...
         Starting LSB: automatic crash report generation...
         Starting LSB: daemon to balance interrupts for SMP systems...
[[0;32m  OK  [0m] Started Permit User Sessions.
[[0;32m  OK  [0m] Started LSB: Set the CPU Frequency Scaling governor to "ondemand".
[[0;32m  OK  [0m] Started LSB: automatic crash report generation.
[[0;32m  OK  [0m] Started LSB: daemon to balance interrupts for SMP systems.
         Starting Hold until boot process finishes up...
         Starting Terminate Plymouth Boot Screen...
[[0;32m  OK  [0m] Started Hold until boot process finishes up.
[[0;32m  OK  [0m] Started Terminate Plymouth Boot Screen.
[[0;32m  OK  [0m] Started Getty on tty1.
         Starting Set console scheme...
[[0;32m  OK  [0m] Started Serial Getty on ttyS0.
[[0;32m  OK  [0m] Reached target Login Prompts.
[[0;32m  OK  [0m] Reached target Multi-User System.
         Starting Execute cloud user/final scripts...
[[0;32m  OK  [0m] Reached target Graphical Interface.
         Starting Update UTMP about System Runlevel Changes...
[[0;32m  OK  [0m] Started Set console scheme.
[[0;32m  OK  [0m] Started Update UTMP about System Runlevel Changes.
[   45.830446] cloud-init[1222]: Cloud-init v. 18.2 running 'modules:final' at Mon, 02 Jul 2018 01:12:24 +0000. Up 45.69 seconds.
[[0;32m  OK  [0m] Started Execute cloud user/final scripts.
[   45.954812] cloud-init[1222]: Cloud-init v. 18.2 finished at Mon, 02 Jul 2018 01:12:24 +0000. Datasource DataSourceNoCloud [seed=/dev/sdb][dsmode=net].  Up 45.82 seconds[
[0;32m  OK  [0m] Reached target Cloud-init target.

Ubuntu 16.04.4 LTS ubuntu-xenial ttyS0

ubuntu-xenial login: 